-----------------------------------------------------------------
2020-05-05 18:50:52.602776
Connection to Websocket lost. Restarting...
-----------------------------------------------------------------

-----------------------------------------------------------------
2020-05-05 18:50:52.604267
Uncaught exception
Traceback (most recent call last):
  File "/var/www/html/bitmex-kollector/bitmex_kollector/kollector.py", line 57, in run_loop
    while(self.ws.ws.sock.connected):
AttributeError: 'NoneType' object has no attribute 'connected'

During handling of the above exception, another exception occurred:

Traceback (most recent call last):
  File "main.py", line 16, in <module>
    kollector.run_loop()
  File "/var/www/html/bitmex-kollector/bitmex_kollector/kollector.py", line 94, in run_loop
    self.reset()
  File "/var/www/html/bitmex-kollector/bitmex_kollector/kollector.py", line 122, in reset
    self.__init__()
TypeError: __init__() missing 2 required positional arguments: 'apiKey' and 'apiSecret'
-----------------------------------------------------------------

-----------------------------------------------------------------
2020-05-05 20:12:05.021056
Connection to Websocket lost. Restarting...
-----------------------------------------------------------------

-----------------------------------------------------------------
2020-05-05 20:12:05.023310
Uncaught exception
Traceback (most recent call last):
  File "/var/www/html/bitmex-kollector/bitmex_kollector/kollector.py", line 57, in run_loop
    while(self.ws.ws.sock.connected):
AttributeError: 'NoneType' object has no attribute 'connected'

During handling of the above exception, another exception occurred:

Traceback (most recent call last):
  File "main.py", line 16, in <module>
    kollector.run_loop()
  File "/var/www/html/bitmex-kollector/bitmex_kollector/kollector.py", line 94, in run_loop
    self.reset()
  File "/var/www/html/bitmex-kollector/bitmex_kollector/kollector.py", line 122, in reset
    self.__init__()
TypeError: __init__() missing 2 required positional arguments: 'apiKey' and 'apiSecret'
-----------------------------------------------------------------

-----------------------------------------------------------------
2020-05-06 00:00:00.082025
Restarting...
-----------------------------------------------------------------

